<?xml version="1.0" encoding="UTF-8"?>
<!-- Generated by org.testng.reporters.JUnitXMLReporter -->
<testsuite ignored="11" hostname="Eqanim-Victus-1" failures="4" tests="16" name="Default test(failed)" time="3737.97" errors="0" timestamp="2023-11-02T13:58:06 IST">
  <testcase classname="com.RegistryModule2.Test.NewTestClass" name="Verification_of_AR_Other_than_self_with_edit_access_can_edit_the_EAA" time="224.001">
    <skipped/>
  </testcase> <!-- Verification_of_AR_Other_than_self_with_edit_access_can_edit_the_EAA -->
  <testcase classname="com.RegistryModule2.Test.NewTestClass" name="Verification_of_AR_Other_than_self_with_edit_access_can_edit_the_EAA" time="214.996">
    <failure type="org.openqa.selenium.NoSuchElementException" message="no such element: Unable to locate element: {&amp;quot;method&amp;quot;:&amp;quot;xpath&amp;quot;,&amp;quot;selector&amp;quot;:&amp;quot;(//button[text()=&amp;apos;EDIT&amp;apos;])[1]&amp;quot;}
  (Session info: chrome=118.0.5993.118)
For documentation on this error, please visit: https://www.seleniumhq.org/exceptions/no_such_element.html
Build info: version: &amp;apos;3.141.59&amp;apos;, revision: &amp;apos;e82be7d358&amp;apos;, time: &amp;apos;2018-11-14T08:17:03&amp;apos;
System info: host: &amp;apos;EQANIM-VICTUS-1&amp;apos;, ip: &amp;apos;192.168.0.150&amp;apos;, os.name: &amp;apos;Windows 11&amp;apos;, os.arch: &amp;apos;amd64&amp;apos;, os.version: &amp;apos;10.0&amp;apos;, java.version: &amp;apos;18.0.2.1&amp;apos;
Driver info: org.openqa.selenium.chrome.ChromeDriver
Capabilities {acceptInsecureCerts: false, browserName: chrome, browserVersion: 118.0.5993.118, chrome: {chromedriverVersion: 118.0.5993.70 (e52f33f30b91..., userDataDir: C:\Users\VISHAL~1\AppData\L...}, fedcm:accounts: true, goog:chromeOptions: {debuggerAddress: localhost:56440}, javascriptEnabled: true, networkConnectionEnabled: false, pageLoadStrategy: normal, platform: WINDOWS, platformName: WINDOWS, proxy: Proxy(), setWindowRect: true, strictFileInteractability: false, timeouts: {implicit: 0, pageLoad: 300000, script: 30000}, unhandledPromptBehavior: dismiss and notify, webauthn:extension:credBlob: true, webauthn:extension:largeBlob: true, webauthn:extension:minPinLength: true, webauthn:extension:prf: true, webauthn:virtualAuthenticators: true}
Session ID: b2a04c1bb531ef693758c5060897493f
*** Element info: {Using=xpath, value=(//button[text()=&amp;apos;EDIT&amp;apos;])[1]}">
      <![CDATA[org.openqa.selenium.NoSuchElementException: no such element: Unable to locate element: {"method":"xpath","selector":"(//button[text()='EDIT'])[1]"}
  (Session info: chrome=118.0.5993.118)
For documentation on this error, please visit: https://www.seleniumhq.org/exceptions/no_such_element.html
Build info: version: '3.141.59', revision: 'e82be7d358', time: '2018-11-14T08:17:03'
System info: host: 'EQANIM-VICTUS-1', ip: '192.168.0.150', os.name: 'Windows 11', os.arch: 'amd64', os.version: '10.0', java.version: '18.0.2.1'
Driver info: org.openqa.selenium.chrome.ChromeDriver
Capabilities {acceptInsecureCerts: false, browserName: chrome, browserVersion: 118.0.5993.118, chrome: {chromedriverVersion: 118.0.5993.70 (e52f33f30b91..., userDataDir: C:\Users\VISHAL~1\AppData\L...}, fedcm:accounts: true, goog:chromeOptions: {debuggerAddress: localhost:56440}, javascriptEnabled: true, networkConnectionEnabled: false, pageLoadStrategy: normal, platform: WINDOWS, platformName: WINDOWS, proxy: Proxy(), setWindowRect: true, strictFileInteractability: false, timeouts: {implicit: 0, pageLoad: 300000, script: 30000}, unhandledPromptBehavior: dismiss and notify, webauthn:extension:credBlob: true, webauthn:extension:largeBlob: true, webauthn:extension:minPinLength: true, webauthn:extension:prf: true, webauthn:virtualAuthenticators: true}
Session ID: b2a04c1bb531ef693758c5060897493f
*** Element info: {Using=xpath, value=(//button[text()='EDIT'])[1]}
at org.openqa.selenium.remote.http.W3CHttpResponseCodec.createException(W3CHttpResponseCodec.java:187)
at org.openqa.selenium.remote.http.W3CHttpResponseCodec.decode(W3CHttpResponseCodec.java:122)
at org.openqa.selenium.remote.http.W3CHttpResponseCodec.decode(W3CHttpResponseCodec.java:49)
at org.openqa.selenium.remote.HttpCommandExecutor.execute(HttpCommandExecutor.java:158)
at org.openqa.selenium.remote.service.DriverCommandExecutor.execute(DriverCommandExecutor.java:83)
at org.openqa.selenium.remote.RemoteWebDriver.execute(RemoteWebDriver.java:552)
at org.openqa.selenium.remote.RemoteWebDriver.findElement(RemoteWebDriver.java:323)
at org.openqa.selenium.remote.RemoteWebDriver.findElementByXPath(RemoteWebDriver.java:428)
at org.openqa.selenium.By$ByXPath.findElement(By.java:353)
at org.openqa.selenium.remote.RemoteWebDriver.findElement(RemoteWebDriver.java:315)
at com.RegistryModule2.pom.NewPOMClass.verifyAccesstoeditEntity(NewPOMClass.java:114)
at com.RegistryModule2.Test.NewTestClass.Verification_of_AR_Other_than_self_with_edit_access_can_edit_the_EAA(NewTestClass.java:34)
at java.base/java.util.ArrayList.forEach(ArrayList.java:1511)
... Removed 28 stack frames]]>
    </failure>
  </testcase> <!-- Verification_of_AR_Other_than_self_with_edit_access_can_edit_the_EAA -->
  <testcase classname="com.RegistryModule2.Test.NewTestClass" name="Verification_of_AR_user_is_able_to_cancel_the_application_in_Application_in_Progress" time="214.979">
    <skipped/>
  </testcase> <!-- Verification_of_AR_user_is_able_to_cancel_the_application_in_Application_in_Progress -->
  <testcase classname="com.RegistryModule2.Test.NewTestClass" name="Verification_of_AR_user_is_able_to_cancel_the_application_in_Application_in_Progress" time="215.504">
    <failure type="org.openqa.selenium.NoSuchElementException" message="no such element: Unable to locate element: {&amp;quot;method&amp;quot;:&amp;quot;xpath&amp;quot;,&amp;quot;selector&amp;quot;:&amp;quot;(//button[text()=&amp;apos;EDIT&amp;apos;])[1]&amp;quot;}
  (Session info: chrome=118.0.5993.118)
For documentation on this error, please visit: https://www.seleniumhq.org/exceptions/no_such_element.html
Build info: version: &amp;apos;3.141.59&amp;apos;, revision: &amp;apos;e82be7d358&amp;apos;, time: &amp;apos;2018-11-14T08:17:03&amp;apos;
System info: host: &amp;apos;EQANIM-VICTUS-1&amp;apos;, ip: &amp;apos;192.168.0.150&amp;apos;, os.name: &amp;apos;Windows 11&amp;apos;, os.arch: &amp;apos;amd64&amp;apos;, os.version: &amp;apos;10.0&amp;apos;, java.version: &amp;apos;18.0.2.1&amp;apos;
Driver info: org.openqa.selenium.chrome.ChromeDriver
Capabilities {acceptInsecureCerts: false, browserName: chrome, browserVersion: 118.0.5993.118, chrome: {chromedriverVersion: 118.0.5993.70 (e52f33f30b91..., userDataDir: C:\Users\VISHAL~1\AppData\L...}, fedcm:accounts: true, goog:chromeOptions: {debuggerAddress: localhost:57002}, javascriptEnabled: true, networkConnectionEnabled: false, pageLoadStrategy: normal, platform: WINDOWS, platformName: WINDOWS, proxy: Proxy(), setWindowRect: true, strictFileInteractability: false, timeouts: {implicit: 0, pageLoad: 300000, script: 30000}, unhandledPromptBehavior: dismiss and notify, webauthn:extension:credBlob: true, webauthn:extension:largeBlob: true, webauthn:extension:minPinLength: true, webauthn:extension:prf: true, webauthn:virtualAuthenticators: true}
Session ID: e3ce9a5cc8642de27f1bfa23f2576110
*** Element info: {Using=xpath, value=(//button[text()=&amp;apos;EDIT&amp;apos;])[1]}">
      <![CDATA[org.openqa.selenium.NoSuchElementException: no such element: Unable to locate element: {"method":"xpath","selector":"(//button[text()='EDIT'])[1]"}
  (Session info: chrome=118.0.5993.118)
For documentation on this error, please visit: https://www.seleniumhq.org/exceptions/no_such_element.html
Build info: version: '3.141.59', revision: 'e82be7d358', time: '2018-11-14T08:17:03'
System info: host: 'EQANIM-VICTUS-1', ip: '192.168.0.150', os.name: 'Windows 11', os.arch: 'amd64', os.version: '10.0', java.version: '18.0.2.1'
Driver info: org.openqa.selenium.chrome.ChromeDriver
Capabilities {acceptInsecureCerts: false, browserName: chrome, browserVersion: 118.0.5993.118, chrome: {chromedriverVersion: 118.0.5993.70 (e52f33f30b91..., userDataDir: C:\Users\VISHAL~1\AppData\L...}, fedcm:accounts: true, goog:chromeOptions: {debuggerAddress: localhost:57002}, javascriptEnabled: true, networkConnectionEnabled: false, pageLoadStrategy: normal, platform: WINDOWS, platformName: WINDOWS, proxy: Proxy(), setWindowRect: true, strictFileInteractability: false, timeouts: {implicit: 0, pageLoad: 300000, script: 30000}, unhandledPromptBehavior: dismiss and notify, webauthn:extension:credBlob: true, webauthn:extension:largeBlob: true, webauthn:extension:minPinLength: true, webauthn:extension:prf: true, webauthn:virtualAuthenticators: true}
Session ID: e3ce9a5cc8642de27f1bfa23f2576110
*** Element info: {Using=xpath, value=(//button[text()='EDIT'])[1]}
at org.openqa.selenium.remote.http.W3CHttpResponseCodec.createException(W3CHttpResponseCodec.java:187)
at org.openqa.selenium.remote.http.W3CHttpResponseCodec.decode(W3CHttpResponseCodec.java:122)
at org.openqa.selenium.remote.http.W3CHttpResponseCodec.decode(W3CHttpResponseCodec.java:49)
at org.openqa.selenium.remote.HttpCommandExecutor.execute(HttpCommandExecutor.java:158)
at org.openqa.selenium.remote.service.DriverCommandExecutor.execute(DriverCommandExecutor.java:83)
at org.openqa.selenium.remote.RemoteWebDriver.execute(RemoteWebDriver.java:552)
at org.openqa.selenium.remote.RemoteWebDriver.findElement(RemoteWebDriver.java:323)
at org.openqa.selenium.remote.RemoteWebDriver.findElementByXPath(RemoteWebDriver.java:428)
at org.openqa.selenium.By$ByXPath.findElement(By.java:353)
at org.openqa.selenium.remote.RemoteWebDriver.findElement(RemoteWebDriver.java:315)
at com.RegistryModule2.pom.NewPOMClass.verifyAccesstoeditEntity(NewPOMClass.java:114)
at com.RegistryModule2.Test.NewTestClass.Verification_of_AR_user_is_able_to_cancel_the_application_in_Application_in_Progress(NewTestClass.java:118)
at java.base/java.util.ArrayList.forEach(ArrayList.java:1511)
... Removed 28 stack frames]]>
    </failure>
  </testcase> <!-- Verification_of_AR_user_is_able_to_cancel_the_application_in_Application_in_Progress -->
  <testcase classname="com.RegistryModule2.Test.NewTestClass" name="Verification_of_AR_user_is_able_to_cancel_the_application_in_Revision_Requested" time="237.32">
    <skipped/>
  </testcase> <!-- Verification_of_AR_user_is_able_to_cancel_the_application_in_Revision_Requested -->
  <testcase classname="com.RegistryModule2.Test.NewTestClass" name="Verification_of_AR_user_is_able_to_cancel_the_application_in_Revision_Requested" time="281.083"/>
  <testcase classname="com.RegistryModule2.Test.NewTestClass" name="Verification_of_Jurisdiction_user_is_able_to_cancel_the_application_in_Application_in_Progress" time="188.843"/>
  <testcase classname="com.RegistryModule2.Test.NewTestClass" name="Verification_of_Jurisdiction_user_is_able_to_cancel_the_application_in_Revision_Requested" time="243.302"/>
  <testcase classname="com.RegistryModule2.Test.NewTestClass" name="fetchRetiredFacility" time="61.626">
    <skipped/>
  </testcase> <!-- fetchRetiredFacility -->
  <testcase classname="com.RegistryModule2.Test.NewTestClass" name="fetchRetiredFacility" time="139.796"/>
  <testcase classname="com.RegistryModule2.Test.NewTestClass" name="Verification_of_Registrar_can_approve_entity_account_application" time="277.2"/>
  <testcase classname="com.RegistryModule2.Test.NewTestClass" name="Verification_of_mail_notification_after_Registrar_approves_EAA" time="272.542">
    <skipped/>
  </testcase> <!-- Verification_of_mail_notification_after_Registrar_approves_EAA -->
  <testcase classname="com.RegistryModule2.Test.NewTestClass" name="Verification_of_mail_notification_after_Registrar_approves_EAA" time="262.087">
    <failure type="java.lang.AssertionError" message="expected [true] but found [false]">
      <![CDATA[java.lang.AssertionError: expected [true] but found [false]
at com.RegistryModule2.pom.EAA_Page_POM.getcurrentEmaildata(EAA_Page_POM.java:2370)
at com.RegistryModule2.Test.NewTestClass.Verification_of_mail_notification_after_Registrar_approves_EAA(NewTestClass.java:383)
at java.base/java.util.ArrayList.forEach(ArrayList.java:1511)
... Removed 29 stack frames]]>
    </failure>
  </testcase> <!-- Verification_of_mail_notification_after_Registrar_approves_EAA -->
  <testcase classname="com.RegistryModule2.Test.NewTestClass" name="Verification_of_mail_notification_after_Registrar_denies_EAA" time="296.331">
    <skipped/>
  </testcase> <!-- Verification_of_mail_notification_after_Registrar_denies_EAA -->
  <testcase classname="com.RegistryModule2.Test.NewTestClass" name="Verification_of_mail_notification_after_Registrar_denies_EAA" time="274.512">
    <failure type="java.lang.AssertionError" message="expected [true] but found [false]">
      <![CDATA[java.lang.AssertionError: expected [true] but found [false]
at com.RegistryModule2.pom.EAA_Page_POM.getcurrentEmaildata(EAA_Page_POM.java:2370)
at com.RegistryModule2.Test.NewTestClass.Verification_of_mail_notification_after_Registrar_denies_EAA(NewTestClass.java:438)
at java.base/java.util.ArrayList.forEach(ArrayList.java:1511)
... Removed 29 stack frames]]>
    </failure>
  </testcase> <!-- Verification_of_mail_notification_after_Registrar_denies_EAA -->
  <testcase classname="com.RegistryModule2.Test.NewTestClass" name="Verification_of_Registrar_can_request_revisions_for_the_entity_account_application_with_comments" time="270.973"/>
  <testcase classname="com.RegistryModule2.Test.NewTestClass" name="Verification_of_AR_Other_than_self_without_edit_access_can_edit_the_EAA" time="0.0">
    <ignored/>
  </testcase> <!-- Verification_of_AR_Other_than_self_without_edit_access_can_edit_the_EAA -->
  <testcase classname="com.RegistryModule2.Test.NewTestClass" name="Verification_of_Individual_User_is_not_able_to_edit_Entity_Profile_in_pending_status" time="0.0">
    <ignored/>
  </testcase> <!-- Verification_of_Individual_User_is_not_able_to_edit_Entity_Profile_in_pending_status -->
  <testcase classname="com.RegistryModule2.Test.NewTestClass" name="Verification_of_individual_user_is_able_to_edit_the_EAA_on_Review_and_Submit_Page" time="0.0">
    <ignored/>
  </testcase> <!-- Verification_of_individual_user_is_able_to_edit_the_EAA_on_Review_and_Submit_Page -->
  <testcase classname="com.RegistryModule2.Test.NewTestClass" name="Verification_of_Individual_User_is_able_to_submit_the_EAA_and_status_is_updated_to_Pending" time="0.0">
    <ignored/>
  </testcase> <!-- Verification_of_Individual_User_is_able_to_submit_the_EAA_and_status_is_updated_to_Pending -->
  <testcase classname="com.RegistryModule2.Test.NewTestClass" name="Verification_of_individual_user_is_able_to_review_the_EAA" time="0.0">
    <ignored/>
  </testcase> <!-- Verification_of_individual_user_is_able_to_review_the_EAA -->
  <testcase classname="com.RegistryModule2.Test.NewTestClass" name="Verification_of_AR_user_is_able_to_cancel_the_application_in_Application_in_Pending" time="0.0">
    <ignored/>
  </testcase> <!-- Verification_of_AR_user_is_able_to_cancel_the_application_in_Application_in_Pending -->
  <testcase classname="com.RegistryModule2.Test.NewTestClass" name="Verification_of_Jurisdiction_user_is_able_to_cancel_the_application_in_Application_in_Pending" time="0.0">
    <ignored/>
  </testcase> <!-- Verification_of_Jurisdiction_user_is_able_to_cancel_the_application_in_Application_in_Pending -->
  <testcase classname="com.RegistryModule2.Test.NewTestClass" name="Verification_of_Individual_User_is_able_to_view_Entity_Profile_of_submitted_EAA" time="0.0">
    <ignored/>
  </testcase> <!-- Verification_of_Individual_User_is_able_to_view_Entity_Profile_of_submitted_EAA -->
  <testcase classname="com.RegistryModule2.Test.NewTestClass" name="Verification_of_individual_user_is_able_to_download_forms_of_submitted_EAA" time="0.0">
    <ignored/>
  </testcase> <!-- Verification_of_individual_user_is_able_to_download_forms_of_submitted_EAA -->
  <testcase classname="com.RegistryModule2.Test.NewTestClass" name="Verification_of_Registrar_can_deny_entity_account_application_with_comments" time="0.0">
    <ignored/>
  </testcase> <!-- Verification_of_Registrar_can_deny_entity_account_application_with_comments -->
  <testcase classname="com.RegistryModule2.Test.NewTestClass" name="Verify_add_existing_facility_to_new_Application" time="0.0">
    <ignored/>
  </testcase> <!-- Verify_add_existing_facility_to_new_Application -->
</testsuite> <!-- Default test(failed) -->
