<?xml version="1.0" encoding="UTF-8"?>
<!-- Generated by org.testng.reporters.JUnitXMLReporter -->
<testsuite ignored="56" hostname="VishalGiram" failures="2" tests="18" name="Default test(failed)(failed)" time="2076.696" errors="0" timestamp="2023-09-29T19:05:45 IST">
  <testcase classname="com.RegistryModule2.Test.EAA_Page_Tests" name="createEAA" time="161.569"/>
  <testcase classname="com.RegistryModule2.Test.EAA_Page_Tests" name="approve_Entity_By_Registrar_and_Assigning_LUHA_Account" time="52.184"/>
  <testcase classname="com.RegistryModule2.Test.EAA_Page_Tests" name="Verification_of_Mandatory_Feilds_On_Alternate_Contact_Person_section_for_Quebec_Jurisdiction" time="113.359"/>
  <testcase classname="com.RegistryModule2.Test.EAA_Page_Tests" name="Entity_Account_Application_Update_Entity_Status" time="44.407"/>
  <testcase classname="com.RegistryModule2.Test.EAA_Page_Tests" name="Verification_of_accessibility_of_Entity_Accounts_on_Entity_Profile_page" time="53.734"/>
  <testcase classname="com.RegistryModule2.Test.EAA_Page_Tests" name="Verification_of_view_Entity_Accounts_Details_page_from_entity_profile_page" time="80.645"/>
  <testcase classname="com.RegistryModule2.Test.EAA_Page_Tests" name="Verification_of_navigate_back_to_entity_profile_from_account_details_page" time="81.813"/>
  <testcase classname="com.RegistryModule2.Test.EAA_Page_Tests" name="Verification_of_navigation_of_Entity_details" time="74.26">
    <skipped/>
  </testcase> <!-- Verification_of_navigation_of_Entity_details -->
  <testcase classname="com.RegistryModule2.Test.EAA_Page_Tests" name="Verification_of_navigation_of_Entity_details" time="81.288"/>
  <testcase classname="com.RegistryModule2.Test.EAA_Page_Tests" name="Verification_Entity_Status_of_Request_revision_EAA" time="299.339"/>
  <testcase classname="com.RegistryModule2.Test.EAA_Page_Tests" name="Verification_of_Request_Status_after_submission" time="291.368"/>
  <testcase classname="com.RegistryModule2.Test.EAA_Page_Tests" name="addWiringInstruction" time="66.898">
    <skipped/>
  </testcase> <!-- addWiringInstruction -->
  <testcase classname="com.RegistryModule2.Test.EAA_Page_Tests" name="addWiringInstruction" time="62.804">
    <failure type="org.openqa.selenium.NoSuchElementException" message="no such element: Unable to locate element: {&amp;quot;method&amp;quot;:&amp;quot;xpath&amp;quot;,&amp;quot;selector&amp;quot;:&amp;quot;//*[text()=&amp;apos;Add wiring instructions&amp;apos;]&amp;quot;}
  (Session info: chrome=117.0.5938.92)
For documentation on this error, please visit: https://www.seleniumhq.org/exceptions/no_such_element.html
Build info: version: &amp;apos;3.141.59&amp;apos;, revision: &amp;apos;e82be7d358&amp;apos;, time: &amp;apos;2018-11-14T08:17:03&amp;apos;
System info: host: &amp;apos;VISHALGIRAM&amp;apos;, ip: &amp;apos;192.168.0.132&amp;apos;, os.name: &amp;apos;Windows 11&amp;apos;, os.arch: &amp;apos;amd64&amp;apos;, os.version: &amp;apos;10.0&amp;apos;, java.version: &amp;apos;17.0.7&amp;apos;
Driver info: org.openqa.selenium.chrome.ChromeDriver
Capabilities {acceptInsecureCerts: false, browserName: chrome, browserVersion: 117.0.5938.92, chrome: {chromedriverVersion: 117.0.5938.92 (67649b10b92b..., userDataDir: C:\Users\visha\AppData\Loca...}, fedcm:accounts: true, goog:chromeOptions: {debuggerAddress: localhost:54344}, javascriptEnabled: true, networkConnectionEnabled: false, pageLoadStrategy: normal, platform: WINDOWS, platformName: WINDOWS, proxy: Proxy(), setWindowRect: true, strictFileInteractability: false, timeouts: {implicit: 0, pageLoad: 300000, script: 30000}, unhandledPromptBehavior: dismiss and notify, webauthn:extension:credBlob: true, webauthn:extension:largeBlob: true, webauthn:extension:minPinLength: true, webauthn:extension:prf: true, webauthn:virtualAuthenticators: true}
Session ID: 74c8e73a36ddd57bc2201c2019a85108
*** Element info: {Using=xpath, value=//*[text()=&amp;apos;Add wiring instructions&amp;apos;]}">
      <![CDATA[org.openqa.selenium.NoSuchElementException: no such element: Unable to locate element: {"method":"xpath","selector":"//*[text()='Add wiring instructions']"}
  (Session info: chrome=117.0.5938.92)
For documentation on this error, please visit: https://www.seleniumhq.org/exceptions/no_such_element.html
Build info: version: '3.141.59', revision: 'e82be7d358', time: '2018-11-14T08:17:03'
System info: host: 'VISHALGIRAM', ip: '192.168.0.132', os.name: 'Windows 11', os.arch: 'amd64', os.version: '10.0', java.version: '17.0.7'
Driver info: org.openqa.selenium.chrome.ChromeDriver
Capabilities {acceptInsecureCerts: false, browserName: chrome, browserVersion: 117.0.5938.92, chrome: {chromedriverVersion: 117.0.5938.92 (67649b10b92b..., userDataDir: C:\Users\visha\AppData\Loca...}, fedcm:accounts: true, goog:chromeOptions: {debuggerAddress: localhost:54344}, javascriptEnabled: true, networkConnectionEnabled: false, pageLoadStrategy: normal, platform: WINDOWS, platformName: WINDOWS, proxy: Proxy(), setWindowRect: true, strictFileInteractability: false, timeouts: {implicit: 0, pageLoad: 300000, script: 30000}, unhandledPromptBehavior: dismiss and notify, webauthn:extension:credBlob: true, webauthn:extension:largeBlob: true, webauthn:extension:minPinLength: true, webauthn:extension:prf: true, webauthn:virtualAuthenticators: true}
Session ID: 74c8e73a36ddd57bc2201c2019a85108
*** Element info: {Using=xpath, value=//*[text()='Add wiring instructions']}
at org.openqa.selenium.remote.http.W3CHttpResponseCodec.createException(W3CHttpResponseCodec.java:187)
at org.openqa.selenium.remote.http.W3CHttpResponseCodec.decode(W3CHttpResponseCodec.java:122)
at org.openqa.selenium.remote.http.W3CHttpResponseCodec.decode(W3CHttpResponseCodec.java:49)
at org.openqa.selenium.remote.HttpCommandExecutor.execute(HttpCommandExecutor.java:158)
at org.openqa.selenium.remote.service.DriverCommandExecutor.execute(DriverCommandExecutor.java:83)
at org.openqa.selenium.remote.RemoteWebDriver.execute(RemoteWebDriver.java:552)
at org.openqa.selenium.remote.RemoteWebDriver.findElement(RemoteWebDriver.java:323)
at org.openqa.selenium.remote.RemoteWebDriver.findElementByXPath(RemoteWebDriver.java:428)
at org.openqa.selenium.By$ByXPath.findElement(By.java:353)
at org.openqa.selenium.remote.RemoteWebDriver.findElement(RemoteWebDriver.java:315)
at com.RegistryModule2.pom.JurisdictionUserPOM.searchEntityForLimitedHoldingAcc(JurisdictionUserPOM.java:197)
at com.RegistryModule2.Test.EAA_Page_Tests.addWiringInstruction(EAA_Page_Tests.java:707)
at java.base/java.util.ArrayList.forEach(ArrayList.java:1511)
... Removed 31 stack frames]]>
    </failure>
  </testcase> <!-- addWiringInstruction -->
  <testcase classname="com.RegistryModule2.Test.EAA_Page_Tests" name="UI_Verification_of_Identifier_details_on_Entity_Profile_page_for_Quebec_Jurisdiction_and_Covered_Or_GMPO_EntityType" time="78.871"/>
  <testcase classname="com.RegistryModule2.Test.EAA_Page_Tests" name="UI_Verification_of_Identifier_details_on_Entity_Profile_page_for_Ns_Jurisdiction_and_Covered_Or_GMPO_EntityType" time="101.717"/>
  <testcase classname="com.RegistryModule2.Test.EAA_Page_Tests" name="Verification_of_change_in_jurisdiction_when_Entity_ID_is_assigned_OR_Entity_created_is_in_Saved_status1" time="65.437">
    <skipped/>
  </testcase> <!-- Verification_of_change_in_jurisdiction_when_Entity_ID_is_assigned_OR_Entity_created_is_in_Saved_status1 -->
  <testcase classname="com.RegistryModule2.Test.EAA_Page_Tests" name="Verification_of_change_in_jurisdiction_when_Entity_ID_is_assigned_OR_Entity_created_is_in_Saved_status1" time="173.998">
    <failure type="org.openqa.selenium.TimeoutException" message="Expected condition failed: waiting for visibility of [[ChromeDriver: chrome on WINDOWS (1d49a6dea3791f2083246d8f53e91116)] -&amp;gt; xpath: //*[text()=&amp;apos;California&amp;apos;]] (tried for 30 second(s) with 500 milliseconds interval)
Build info: version: &amp;apos;3.141.59&amp;apos;, revision: &amp;apos;e82be7d358&amp;apos;, time: &amp;apos;2018-11-14T08:17:03&amp;apos;
System info: host: &amp;apos;VISHALGIRAM&amp;apos;, ip: &amp;apos;192.168.0.132&amp;apos;, os.name: &amp;apos;Windows 11&amp;apos;, os.arch: &amp;apos;amd64&amp;apos;, os.version: &amp;apos;10.0&amp;apos;, java.version: &amp;apos;17.0.7&amp;apos;
Driver info: org.openqa.selenium.chrome.ChromeDriver
Capabilities {acceptInsecureCerts: false, browserName: chrome, browserVersion: 117.0.5938.92, chrome: {chromedriverVersion: 117.0.5938.92 (67649b10b92b..., userDataDir: C:\Users\visha\AppData\Loca...}, fedcm:accounts: true, goog:chromeOptions: {debuggerAddress: localhost:54806}, javascriptEnabled: true, networkConnectionEnabled: false, pageLoadStrategy: normal, platform: WINDOWS, platformName: WINDOWS, proxy: Proxy(), setWindowRect: true, strictFileInteractability: false, timeouts: {implicit: 0, pageLoad: 300000, script: 30000}, unhandledPromptBehavior: dismiss and notify, webauthn:extension:credBlob: true, webauthn:extension:largeBlob: true, webauthn:extension:minPinLength: true, webauthn:extension:prf: true, webauthn:virtualAuthenticators: true}
Session ID: 1d49a6dea3791f2083246d8f53e91116">
      <![CDATA[org.openqa.selenium.TimeoutException: Expected condition failed: waiting for visibility of [[ChromeDriver: chrome on WINDOWS (1d49a6dea3791f2083246d8f53e91116)] -> xpath: //*[text()='California']] (tried for 30 second(s) with 500 milliseconds interval)
Build info: version: '3.141.59', revision: 'e82be7d358', time: '2018-11-14T08:17:03'
System info: host: 'VISHALGIRAM', ip: '192.168.0.132', os.name: 'Windows 11', os.arch: 'amd64', os.version: '10.0', java.version: '17.0.7'
Driver info: org.openqa.selenium.chrome.ChromeDriver
Capabilities {acceptInsecureCerts: false, browserName: chrome, browserVersion: 117.0.5938.92, chrome: {chromedriverVersion: 117.0.5938.92 (67649b10b92b..., userDataDir: C:\Users\visha\AppData\Loca...}, fedcm:accounts: true, goog:chromeOptions: {debuggerAddress: localhost:54806}, javascriptEnabled: true, networkConnectionEnabled: false, pageLoadStrategy: normal, platform: WINDOWS, platformName: WINDOWS, proxy: Proxy(), setWindowRect: true, strictFileInteractability: false, timeouts: {implicit: 0, pageLoad: 300000, script: 30000}, unhandledPromptBehavior: dismiss and notify, webauthn:extension:credBlob: true, webauthn:extension:largeBlob: true, webauthn:extension:minPinLength: true, webauthn:extension:prf: true, webauthn:virtualAuthenticators: true}
Session ID: 1d49a6dea3791f2083246d8f53e91116
at org.openqa.selenium.support.ui.WebDriverWait.timeoutException(WebDriverWait.java:95)
at org.openqa.selenium.support.ui.FluentWait.until(FluentWait.java:272)
at com.RegistryModule2.pom.EAA_Page_POM.Verification_of_change_in_jurisdiction_when_Entity_ID_is_assigned_OR_Entity_created_is_in_Saved_status1(EAA_Page_POM.java:2089)
at com.RegistryModule2.Test.EAA_Page_Tests.Verification_of_change_in_jurisdiction_when_Entity_ID_is_assigned_OR_Entity_created_is_in_Saved_status1(EAA_Page_Tests.java:834)
at java.base/java.util.ArrayList.forEach(ArrayList.java:1511)
... Removed 27 stack frames]]>
    </failure>
  </testcase> <!-- Verification_of_change_in_jurisdiction_when_Entity_ID_is_assigned_OR_Entity_created_is_in_Saved_status1 -->
  <testcase classname="com.RegistryModule2.Test.EAA_Page_Tests" name="C37541_Verification_Email_AddressField_For_Covered_EntityType" time="91.052"/>
  <testcase classname="com.RegistryModule2.Test.EAA_Page_Tests" name="Verification_of_EAA_initiation_by_individul_User_PAR_AAR_AVA" time="0.0">
    <ignored/>
  </testcase> <!-- Verification_of_EAA_initiation_by_individul_User_PAR_AAR_AVA -->
  <testcase classname="com.RegistryModule2.Test.EAA_Page_Tests" name="Entity_Account_Application_Assign_Unique_Entity_ID" time="0.0">
    <ignored/>
  </testcase> <!-- Entity_Account_Application_Assign_Unique_Entity_ID -->
  <testcase classname="com.RegistryModule2.Test.EAA_Page_Tests" name="Verification_of_Telephone_Num_Or_Mobile_Num_Last_Name_and_Position_text_fields_GMPO_entity_type" time="0.0">
    <ignored/>
  </testcase> <!-- Verification_of_Telephone_Num_Or_Mobile_Num_Last_Name_and_Position_text_fields_GMPO_entity_type -->
  <testcase classname="com.RegistryModule2.Test.EAA_Page_Tests" name="T50033_Verification_Of_Mandatory_feilds_if_Not_Populated" time="0.0">
    <ignored/>
  </testcase> <!-- T50033_Verification_Of_Mandatory_feilds_if_Not_Populated -->
  <testcase classname="com.RegistryModule2.Test.EAA_Page_Tests" name="C36138_Verification_of_incorporation_State_Or_Province_feild" time="0.0">
    <ignored/>
  </testcase> <!-- C36138_Verification_of_incorporation_State_Or_Province_feild -->
  <testcase classname="com.RegistryModule2.Test.EAA_Page_Tests" name="T50020_Verification_of_accessibility_of_Entity_Account_Application_IndividualUser" time="0.0">
    <ignored/>
  </testcase> <!-- T50020_Verification_of_accessibility_of_Entity_Account_Application_IndividualUser -->
  <testcase classname="com.RegistryModule2.Test.EAA_Page_Tests" name="Verification_of_Change_entity_type_when_Individual_user_goes_back" time="0.0">
    <ignored/>
  </testcase> <!-- Verification_of_Change_entity_type_when_Individual_user_goes_back -->
  <testcase classname="com.RegistryModule2.Test.EAA_Page_Tests" name="UI_Verification_of_Identifier_details_on_Entity_Profile_page_for_WA_Jurisdiction_and_Covered_Or_GMPO_EntityType" time="0.0">
    <ignored/>
  </testcase> <!-- UI_Verification_of_Identifier_details_on_Entity_Profile_page_for_WA_Jurisdiction_and_Covered_Or_GMPO_EntityType -->
  <testcase classname="com.RegistryModule2.Test.EAA_Page_Tests" name="Verification_of_Exit_Application_button_of_Select_Juridisction_page" time="0.0">
    <ignored/>
  </testcase> <!-- Verification_of_Exit_Application_button_of_Select_Juridisction_page -->
  <testcase classname="com.RegistryModule2.Test.EAA_Page_Tests" name="C36429_Verification_of_accessibility_of_Entity_Account_Application_other_than_Individual_user" time="0.0">
    <ignored/>
  </testcase> <!-- C36429_Verification_of_accessibility_of_Entity_Account_Application_other_than_Individual_user -->
  <testcase classname="com.RegistryModule2.Test.EAA_Page_Tests" name="C40009_Verification_of_Select_EntityType_dropdown_Searchable" time="0.0">
    <ignored/>
  </testcase> <!-- C40009_Verification_of_Select_EntityType_dropdown_Searchable -->
  <testcase classname="com.RegistryModule2.Test.EAA_Page_Tests" name="Verification_of_Alternate_Contact_Person_section_for_Quebec_Jurisdiction" time="0.0">
    <ignored/>
  </testcase> <!-- Verification_of_Alternate_Contact_Person_section_for_Quebec_Jurisdiction -->
  <testcase classname="com.RegistryModule2.Test.EAA_Page_Tests" name="Verification_of_Textbox_when_user_selects_Other_in_the_Type_of_Organization_dropdown" time="0.0">
    <ignored/>
  </testcase> <!-- Verification_of_Textbox_when_user_selects_Other_in_the_Type_of_Organization_dropdown -->
  <testcase classname="com.RegistryModule2.Test.EAA_Page_Tests" name="C36141_Verification_Of_Cancel_Button_On_Entity_Identifier_Feild" time="0.0">
    <ignored/>
  </testcase> <!-- C36141_Verification_Of_Cancel_Button_On_Entity_Identifier_Feild -->
  <testcase classname="com.RegistryModule2.Test.EAA_Page_Tests" name="Verification_of_region_feild" time="0.0">
    <ignored/>
  </testcase> <!-- Verification_of_region_feild -->
  <testcase classname="com.RegistryModule2.Test.EAA_Page_Tests" name="filterfunctionality" time="0.0">
    <ignored/>
  </testcase> <!-- filterfunctionality -->
  <testcase classname="com.RegistryModule2.Test.EAA_Page_Tests" name="Verification_of_Entity_Status_on_Save_EAA_for_Covered_Entity_Type" time="0.0">
    <ignored/>
  </testcase> <!-- Verification_of_Entity_Status_on_Save_EAA_for_Covered_Entity_Type -->
  <testcase classname="com.RegistryModule2.Test.EAA_Page_Tests" name="C36150_Verification_of_User_Classification_for_All_Jurisdiction_And_EntityType_GMPI" time="0.0">
    <ignored/>
  </testcase> <!-- C36150_Verification_of_User_Classification_for_All_Jurisdiction_And_EntityType_GMPI -->
  <testcase classname="com.RegistryModule2.Test.EAA_Page_Tests" name="Verification_of_multiple_EAA_initiation_by_pending_User" time="0.0">
    <ignored/>
  </testcase> <!-- Verification_of_multiple_EAA_initiation_by_pending_User -->
  <testcase classname="com.RegistryModule2.Test.EAA_Page_Tests" name="Verification_of_Select_Jurisdiction_Functionality_Continue_button_with_emptyData" time="0.0">
    <ignored/>
  </testcase> <!-- Verification_of_Select_Jurisdiction_Functionality_Continue_button_with_emptyData -->
  <testcase classname="com.RegistryModule2.Test.EAA_Page_Tests" name="C37495_verification_of_Entity_Information_Page_for_Quebec_Jurisdiction_GMPO_EntityType" time="0.0">
    <ignored/>
  </testcase> <!-- C37495_verification_of_Entity_Information_Page_for_Quebec_Jurisdiction_GMPO_EntityType -->
  <testcase classname="com.RegistryModule2.Test.EAA_Page_Tests" name="C36133_UI_Verification_of_Select_Entity_Type_section" time="0.0">
    <ignored/>
  </testcase> <!-- C36133_UI_Verification_of_Select_Entity_Type_section -->
  <testcase classname="com.RegistryModule2.Test.EAA_Page_Tests" name="C37497_verification_of_Entity_Information_Page_for_NovaScotia_Jurisdiction_GMPO_EntityType" time="0.0">
    <ignored/>
  </testcase> <!-- C37497_verification_of_Entity_Information_Page_for_NovaScotia_Jurisdiction_GMPO_EntityType -->
  <testcase classname="com.RegistryModule2.Test.EAA_Page_Tests" name="Entity_account_application_select_entitytype" time="0.0">
    <ignored/>
  </testcase> <!-- Entity_account_application_select_entitytype -->
  <testcase classname="com.RegistryModule2.Test.EAA_Page_Tests" name="Verification_of_change_in_jurisdiction_when_Entity_ID_is_assigned_OR_Entity_created_is_in_Saved_status" time="0.0">
    <ignored/>
  </testcase> <!-- Verification_of_change_in_jurisdiction_when_Entity_ID_is_assigned_OR_Entity_created_is_in_Saved_status -->
  <testcase classname="com.RegistryModule2.Test.EAA_Page_Tests" name="Verification_of_Select_Jurisdiction_Functionality" time="0.0">
    <ignored/>
  </testcase> <!-- Verification_of_Select_Jurisdiction_Functionality -->
  <testcase classname="com.RegistryModule2.Test.EAA_Page_Tests" name="Verification_of_Continue_button_of_Entity_Information_section" time="0.0">
    <ignored/>
  </testcase> <!-- Verification_of_Continue_button_of_Entity_Information_section -->
  <testcase classname="com.RegistryModule2.Test.EAA_Page_Tests" name="Verify_Type_Of_Organization_for_Quebec" time="0.0">
    <ignored/>
  </testcase> <!-- Verify_Type_Of_Organization_for_Quebec -->
  <testcase classname="com.RegistryModule2.Test.EAA_Page_Tests" name="C37543_UI_Verification_of_Alternate_Contact_Person_section_for_GMPO_entity_type" time="0.0">
    <ignored/>
  </testcase> <!-- C37543_UI_Verification_of_Alternate_Contact_Person_section_for_GMPO_entity_type -->
  <testcase classname="com.RegistryModule2.Test.EAA_Page_Tests" name="Verification_of_multiple_EAA_initiation_by_individul_User_PAR_AAR_AVA" time="0.0">
    <ignored/>
  </testcase> <!-- Verification_of_multiple_EAA_initiation_by_individul_User_PAR_AAR_AVA -->
  <testcase classname="com.RegistryModule2.Test.EAA_Page_Tests" name="C37498_verification_of_Entity_Information_Page_for_Washington_Jurisdiction_GMPO_EntityType" time="0.0">
    <ignored/>
  </testcase> <!-- C37498_verification_of_Entity_Information_Page_for_Washington_Jurisdiction_GMPO_EntityType -->
  <testcase classname="com.RegistryModule2.Test.EAA_Page_Tests" name="C36139_Verification_of_continue_button" time="0.0">
    <ignored/>
  </testcase> <!-- C36139_Verification_of_continue_button -->
  <testcase classname="com.RegistryModule2.Test.EAA_Page_Tests" name="Verification_of_Change_Jurisdiction_when_EntityID_NotAssigned" time="0.0">
    <ignored/>
  </testcase> <!-- Verification_of_Change_Jurisdiction_when_EntityID_NotAssigned -->
  <testcase classname="com.RegistryModule2.Test.EAA_Page_Tests" name="Verification_of_Change_entity_type_Funtionality_After_Entity_id" time="0.0">
    <ignored/>
  </testcase> <!-- Verification_of_Change_entity_type_Funtionality_After_Entity_id -->
  <testcase classname="com.RegistryModule2.Test.EAA_Page_Tests" name="Verification_of_Telephone_Num_Or_Mobile_Num_Last_Name_and_Position_text_fields_Covered_entity_type" time="0.0">
    <ignored/>
  </testcase> <!-- Verification_of_Telephone_Num_Or_Mobile_Num_Last_Name_and_Position_text_fields_Covered_entity_type -->
  <testcase classname="com.RegistryModule2.Test.EAA_Page_Tests" name="C36135_Verification_of_Cancel_button_of_Select_Entity_Type_section" time="0.0">
    <ignored/>
  </testcase> <!-- C36135_Verification_of_Cancel_button_of_Select_Entity_Type_section -->
  <testcase classname="com.RegistryModule2.Test.EAA_Page_Tests" name="Verification_of_Search_entity" time="0.0">
    <ignored/>
  </testcase> <!-- Verification_of_Search_entity -->
  <testcase classname="com.RegistryModule2.Test.EAA_Page_Tests" name="C36136_UI_Verification_of_Entity_Information_and_Identifiers_page_for_California_Jurisdiction_and_Covered_Entity" time="0.0">
    <ignored/>
  </testcase> <!-- C36136_UI_Verification_of_Entity_Information_and_Identifiers_page_for_California_Jurisdiction_and_Covered_Entity -->
  <testcase classname="com.RegistryModule2.Test.EAA_Page_Tests" name="C37544_Verification_of_First_Name_Last_Name_and_Position_text_or_EmailAdress_fields_GMPO_entity_type" time="0.0">
    <ignored/>
  </testcase> <!-- C37544_Verification_of_First_Name_Last_Name_and_Position_text_or_EmailAdress_fields_GMPO_entity_type -->
  <testcase classname="com.RegistryModule2.Test.EAA_Page_Tests" name="Verification_of_Purpose_of_Account_for_All_Jurisdiction" time="0.0">
    <ignored/>
  </testcase> <!-- Verification_of_Purpose_of_Account_for_All_Jurisdiction -->
  <testcase classname="com.RegistryModule2.Test.EAA_Page_Tests" name="Verification_of_Purpose_of_account_and_User_Classification_dropdown_on_Entity_Information_page" time="0.0">
    <ignored/>
  </testcase> <!-- Verification_of_Purpose_of_account_and_User_Classification_dropdown_on_Entity_Information_page -->
  <testcase classname="com.RegistryModule2.Test.EAA_Page_Tests" name="verificationOfIndividualUserisAbleToViewTheListOfOrganisationAsADropdown" time="0.0">
    <ignored/>
  </testcase> <!-- verificationOfIndividualUserisAbleToViewTheListOfOrganisationAsADropdown -->
  <testcase classname="com.RegistryModule2.Test.EAA_Page_Tests" name="Verification_of_Textbox_when_user_selects_OtherOptionInThe_User_Classification_dropdown" time="0.0">
    <ignored/>
  </testcase> <!-- Verification_of_Textbox_when_user_selects_OtherOptionInThe_User_Classification_dropdown -->
  <testcase classname="com.RegistryModule2.Test.EAA_Page_Tests" name="C39324_Verification_of_accessibility_EAA_Option_for_Denied_IndividualUser" time="0.0">
    <ignored/>
  </testcase> <!-- C39324_Verification_of_accessibility_EAA_Option_for_Denied_IndividualUser -->
  <testcase classname="com.RegistryModule2.Test.EAA_Page_Tests" name="C36142_verification_of_Entity_Information_Page_for_California_Jurisdiction_GMPO_EntityType" time="0.0">
    <ignored/>
  </testcase> <!-- C36142_verification_of_Entity_Information_Page_for_California_Jurisdiction_GMPO_EntityType -->
  <testcase classname="com.RegistryModule2.Test.EAA_Page_Tests" name="UI_Verification_of_Identifier_details_on_Entity_Profile_page_for_California_Jurisdiction_and_Covered_Or_GMPO_EntityType" time="0.0">
    <ignored/>
  </testcase> <!-- UI_Verification_of_Identifier_details_on_Entity_Profile_page_for_California_Jurisdiction_and_Covered_Or_GMPO_EntityType -->
  <testcase classname="com.RegistryModule2.Test.EAA_Page_Tests" name="Verification_of_assigning_Unique_ID_functionality" time="0.0">
    <ignored/>
  </testcase> <!-- Verification_of_assigning_Unique_ID_functionality -->
  <testcase classname="com.RegistryModule2.Test.EAA_Page_Tests" name="T50022_Verification_of_accessibility_of_Register_an_Entity_button_of_Entity_Account_Application_Page" time="0.0">
    <ignored/>
  </testcase> <!-- T50022_Verification_of_accessibility_of_Register_an_Entity_button_of_Entity_Account_Application_Page -->
  <testcase classname="com.RegistryModule2.Test.EAA_Page_Tests" name="UI_Verification_of_Identifier_details_on_Entity_Profile_page_for_GMPI_EntityType" time="0.0">
    <ignored/>
  </testcase> <!-- UI_Verification_of_Identifier_details_on_Entity_Profile_page_for_GMPI_EntityType -->
  <testcase classname="com.RegistryModule2.Test.EAA_Page_Tests" name="Verification_of_First_Name_Last_Name_and_Position_text_or_EmailAdress_fields_Covered_entity_type" time="0.0">
    <ignored/>
  </testcase> <!-- Verification_of_First_Name_Last_Name_and_Position_text_or_EmailAdress_fields_Covered_entity_type -->
  <testcase classname="com.RegistryModule2.Test.EAA_Page_Tests" name="C37545_Verification_Email_AddressField_For_GMPO_EntityType" time="0.0">
    <ignored/>
  </testcase> <!-- C37545_Verification_Email_AddressField_For_GMPO_EntityType -->
  <testcase classname="com.RegistryModule2.Test.EAA_Page_Tests" name="verification_Cancel_Button_Functionality_of_Entity_Information_Page_GMPI_EntityType" time="0.0">
    <ignored/>
  </testcase> <!-- verification_Cancel_Button_Functionality_of_Entity_Information_Page_GMPI_EntityType -->
  <testcase classname="com.RegistryModule2.Test.EAA_Page_Tests" name="T50024_Verification_of_Select_Jurisdiction_functionality" time="0.0">
    <ignored/>
  </testcase> <!-- T50024_Verification_of_Select_Jurisdiction_functionality -->
  <testcase classname="com.RegistryModule2.Test.EAA_Page_Tests" name="C37499_Verification_of_Select_Jurisdiction_dropdown_Searchable" time="0.0">
    <ignored/>
  </testcase> <!-- C37499_Verification_of_Select_Jurisdiction_dropdown_Searchable -->
  <testcase classname="com.RegistryModule2.Test.EAA_Page_Tests" name="Verification_of_Entity_Status_on_Save_EAA_for_GMPO_or_GMPI_Entity_Type" time="0.0">
    <ignored/>
  </testcase> <!-- Verification_of_Entity_Status_on_Save_EAA_for_GMPO_or_GMPI_Entity_Type -->
  <testcase classname="com.RegistryModule2.Test.EAA_Page_Tests" name="C37539_UI_Verification_of_Alternate_Contact_Person_section_for_Covered_entity_type" time="0.0">
    <ignored/>
  </testcase> <!-- C37539_UI_Verification_of_Alternate_Contact_Person_section_for_Covered_entity_type -->
</testsuite> <!-- Default test(failed)(failed) -->
